<?xml version="1.0" encoding="UTF-8"?>
<!-- Generated by org.testng.reporters.JUnitReportReporter -->
<testsuite skipped="0" hostname="LAPTOP-JIMJKHQD" name="bdd.Runner.TrackingRunner" tests="1" failures="0" timestamp="16 May 2020 05:22:11 GMT" time="25.563" errors="0">
  <testcase name="feature" time="25.563" classname="bdd.Runner.TrackingRunner"/>
</testsuite> <!-- bdd.Runner.TrackingRunner -->
